<?xml version="1.0" encoding="UTF-8"?>
<!-- Generated by org.testng.reporters.JUnitReportReporter -->
<testsuite hostname="WKWIN2710708" failures="0" tests="1" name="com.RCB.test.WicketkeeperVerification" time="0.002" errors="0" timestamp="07 Dec 2022 21:16:24 GMT" skipped="0">
  <testcase classname="com.RCB.test.WicketkeeperVerification" name="validateWicketKeeper" time="0.002"/>
</testsuite> <!-- com.RCB.test.WicketkeeperVerification -->
