<?xml version="1.0" encoding="UTF-8"?>
<!-- Generated by org.testng.reporters.JUnitReportReporter -->
<testsuite hostname="WKWIN2710708" failures="0" tests="2" name="com.RCB.test.Testcase" time="0.016" errors="0" timestamp="07 Dec 2022 21:03:14 GMT" skipped="0">
  <testcase classname="com.RCB.test.Testcase" name="validateFourForeignPlayer" time="0.015"/>
  <testcase classname="com.RCB.test.Testcase" name="validateWicketKeeper" time="0.001"/>
</testsuite> <!-- com.RCB.test.Testcase -->
