<?xml version="1.0" encoding="UTF-8"?>
<!-- Generated by org.testng.reporters.JUnitReportReporter -->
<testsuite hostname="WKWIN2710708" failures="0" tests="1" name="com.RCB.test.ForeignPlayerVerification" time="0.016" errors="0" timestamp="07 Dec 2022 22:12:08 GMT" skipped="0">
  <testcase classname="com.RCB.test.ForeignPlayerVerification" name="validateFourForeignPlayer" time="0.016"/>
</testsuite> <!-- com.RCB.test.ForeignPlayerVerification -->
